2025-09-17 22:46:36 | Exception: syntax error, unexpected token "}", expecting ";" | File: C:\laragon\www\DocTruyenHay\src\Application\Router.php | Line: 492
2025-09-17 22:48:27 | Exception: 404 Not Found: The requested URL /hhh was not found on this server. | File: C:\laragon\www\DocTruyenHay\src\Application\Router.php | Line: 489
2025-09-17 23:26:43 | Exception: 500 Internal Server Error: Method list() not found in class App\Controller\Admin\UserController | File: C:\laragon\www\DocTruyenHay\src\Application\Router.php | Line: 557
2025-09-17 23:31:19 | Exception: SQLSTATE[HY000]: General error: 1 no such table: categories | File: C:\laragon\www\DocTruyenHay\src\Database\Adapter\PdoSqliteAdapter.php | Line: 33
2025-09-17 23:31:31 | Exception: SQLSTATE[HY000]: General error: 1 no such table: category | File: C:\laragon\www\DocTruyenHay\src\Database\Adapter\PdoSqliteAdapter.php | Line: 33
2025-09-22 21:13:35 | Exception: View file not found: C:\laragon\www\DocTruyenHay\resource/view/client/welcome.php | File: C:\laragon\www\DocTruyenHay\src\Application\View.php | Line: 72
2025-09-22 21:26:57 | Exception: 500 Internal Server Error: Method login() not found in class App\Controller\Author\AuthorController | File: C:\laragon\www\DocTruyenHay\src\Application\Router.php | Line: 741
2025-09-22 21:28:19 | Exception: View file not found: C:\laragon\www\DocTruyenHay\resource/view/author/login/php.php | File: C:\laragon\www\DocTruyenHay\src\Application\View.php | Line: 72
2025-09-22 21:54:16 | Exception: SQLSTATE[HY000]: General error: 1 no such table: users | File: C:\laragon\www\DocTruyenHay\src\Database\Adapter\PdoSqliteAdapter.php | Line: 33
2025-09-22 21:54:59 | Exception: SQLSTATE[HY000]: General error: 1 no such table: users | File: C:\laragon\www\DocTruyenHay\src\Database\Adapter\PdoSqliteAdapter.php | Line: 33
2025-09-22 21:55:00 | Exception: SQLSTATE[HY000]: General error: 1 no such table: users | File: C:\laragon\www\DocTruyenHay\src\Database\Adapter\PdoSqliteAdapter.php | Line: 33
2025-09-22 21:56:22 | Exception: SQLSTATE[HY000]: General error: 1 no such table: users | File: C:\laragon\www\DocTruyenHay\src\Database\Adapter\PdoSqliteAdapter.php | Line: 33
2025-09-22 23:05:19 | Exception: Duplicate route detected: GET /author/stories  | File: C:\laragon\www\DocTruyenHay\src\Application\Router.php | Line: 93
2025-09-22 23:08:17 | Exception: Duplicate route detected: POST /author/login  | File: C:\laragon\www\DocTruyenHay\src\Application\Router.php | Line: 139
2025-09-22 23:09:30 | Exception: Duplicate route detected: GET /author/logout  | File: C:\laragon\www\DocTruyenHay\src\Application\Router.php | Line: 105
2025-09-23 14:48:24 | Exception: 500 Internal Server Error: Method lists() not found in class App\Controller\Author\StoryController | File: C:\laragon\www\DocTruyenHay\src\Application\Router.php | Line: 747
2025-09-23 14:50:25 | Exception: Too few arguments to function App\Controller\Author\StoryController::__construct(), 0 passed in C:\laragon\www\DocTruyenHay\src\Application\Router.php on line 744 and exactly 1 expected | File: C:\laragon\www\DocTruyenHay\app\Controller\Author\StoryController.php | Line: 11
2025-09-23 14:51:08 | Exception: call_user_func_array(): Argument #1 ($callback) must be a valid callback, class Craft\Database\QueryBuilder\SqliteBuilder does not have a method "all" | File: C:\laragon\www\DocTruyenHay\app\Model\Model.php | Line: 56
2025-09-23 15:19:29 | Exception: View file not found: C:\laragon\www\DocTruyenHay\resource/view/author/stories/create.php | File: C:\laragon\www\DocTruyenHay\src\Application\View.php | Line: 72
2025-09-24 13:58:28 | Exception: View file not found: C:\laragon\www\DocTruyenHay\resource/view/author/stories/create_chapter.php | File: C:\laragon\www\DocTruyenHay\src\Application\View.php | Line: 72
2025-09-25 21:59:41 | Exception: Call to a member function select() on null | File: C:\laragon\www\DocTruyenHay\resource\view\author\stories\list.php | Line: 146
2025-09-25 22:30:20 | Exception: call_user_func_array(): Argument #1 ($callback) must be a valid callback, class Craft\Database\QueryBuilder\SqliteBuilder does not have a method "find" | File: C:\laragon\www\DocTruyenHay\app\Model\Model.php | Line: 56
2025-09-25 22:30:34 | Exception: SQLSTATE[HY000]: General error: 1 near "1": syntax error | File: C:\laragon\www\DocTruyenHay\src\Database\Adapter\PdoSqliteAdapter.php | Line: 33
2025-09-25 22:40:06 | Exception: 405 Method Not Allowed: The requested URL /api/genres/1 exists but does not support PUT method.Allowed: GET | File: C:\laragon\www\DocTruyenHay\src\Application\Router.php | Line: 668
2025-09-25 22:42:54 | Exception: SQLSTATE[23000]: Integrity constraint violation: 19 UNIQUE constraint failed: genres.name | File: C:\laragon\www\DocTruyenHay\src\Database\Adapter\PdoSqliteAdapter.php | Line: 34
2025-09-25 22:45:03 | Exception: SQLSTATE[23000]: Integrity constraint violation: 19 UNIQUE constraint failed: genres.name | File: C:\laragon\www\DocTruyenHay\src\Database\Adapter\PdoSqliteAdapter.php | Line: 34
2025-09-25 22:47:11 | Exception: SQLSTATE[23000]: Integrity constraint violation: 19 UNIQUE constraint failed: genres.id | File: C:\laragon\www\DocTruyenHay\src\Database\Adapter\PdoSqliteAdapter.php | Line: 34
2025-09-25 22:54:57 | Exception: SQLSTATE[23000]: Integrity constraint violation: 19 UNIQUE constraint failed: genres.id | File: C:\laragon\www\DocTruyenHay\src\Database\Adapter\PdoSqliteAdapter.php | Line: 35
2025-09-25 22:55:07 | Exception: SQLSTATE[23000]: Integrity constraint violation: 19 UNIQUE constraint failed: genres.id | File: C:\laragon\www\DocTruyenHay\src\Database\Adapter\PdoSqliteAdapter.php | Line: 35
2025-09-25 22:56:11 | Exception: SQLSTATE[23000]: Integrity constraint violation: 19 UNIQUE constraint failed: genres.id | File: C:\laragon\www\DocTruyenHay\src\Database\Adapter\PdoSqliteAdapter.php | Line: 35
2025-09-25 22:58:40 | Exception: SQLSTATE[23000]: Integrity constraint violation: 19 UNIQUE constraint failed: genres.name | File: C:\laragon\www\DocTruyenHay\src\Database\Adapter\PdoSqliteAdapter.php | Line: 35
2025-09-25 23:00:06 | Exception: SQLSTATE[23000]: Integrity constraint violation: 19 UNIQUE constraint failed: genres.name | File: C:\laragon\www\DocTruyenHay\src\Database\Adapter\PdoSqliteAdapter.php | Line: 35
2025-09-25 23:02:38 | Exception: SQLSTATE[23000]: Integrity constraint violation: 19 UNIQUE constraint failed: genres_de.name | File: C:\laragon\www\DocTruyenHay\src\Database\Adapter\PdoSqliteAdapter.php | Line: 35
2025-09-25 23:03:46 | Exception: SQLSTATE[23000]: Integrity constraint violation: 19 UNIQUE constraint failed: genres.name | File: C:\laragon\www\DocTruyenHay\src\Database\Adapter\PdoSqliteAdapter.php | Line: 35
2025-09-25 23:04:05 | Exception: SQLSTATE[23000]: Integrity constraint violation: 19 UNIQUE constraint failed: genres.name | File: C:\laragon\www\DocTruyenHay\src\Database\Adapter\PdoSqliteAdapter.php | Line: 35
2025-09-25 23:08:32 | Exception: SQLSTATE[23000]: Integrity constraint violation: 1062 Duplicate entry 'thm32' for key 'name' | File: C:\laragon\www\DocTruyenHay\src\Database\Adapter\PdoMysqlAdapter.php | Line: 31
2025-09-25 23:09:44 | Exception: SQLSTATE[23000]: Integrity constraint violation: 1062 Duplicate entry 'thm32' for key 'name' | File: C:\laragon\www\DocTruyenHay\src\Database\Adapter\PdoMysqlAdapter.php | Line: 31
2025-09-25 23:10:24 | Exception: SQLSTATE[42S22]: Column not found: 1054 Unknown column '0' in 'field list' | File: C:\laragon\www\DocTruyenHay\src\Database\Adapter\PdoMysqlAdapter.php | Line: 31
2025-09-25 23:11:37 | Exception: SQLSTATE[23000]: Integrity constraint violation: 1062 Duplicate entry 'thm32' for key 'name' | File: C:\laragon\www\DocTruyenHay\src\Database\Adapter\PdoMysqlAdapter.php | Line: 31
2025-09-26 15:24:04 | Exception: Duplicate route detected: GET /driveclone/login  | File: C:\laragon\www\DocTruyenHay\src\Application\Router.php | Line: 93
2025-09-26 19:03:01 | Exception: 405 Method Not Allowed: The requested URL /api/genres/1 exists but does not support POST method.Allowed: GET, PUT | File: C:\laragon\www\DocTruyenHay\src\Application\Router.php | Line: 668
2025-09-26 19:07:31 | Exception: 405 Method Not Allowed: The requested URL /api/genres exists but does not support PUT method.Allowed: GET, POST | File: C:\laragon\www\DocTruyenHay\src\Application\Router.php | Line: 668
2025-09-26 19:22:22 | Exception: 405 Method Not Allowed: The requested URL /api/genres/3 exists but does not support POST method.Allowed: GET, PUT | File: C:\laragon\www\DocTruyenHay\src\Application\Router.php | Line: 668
2025-09-26 19:24:00 | Exception: 405 Method Not Allowed: The requested URL /api/genres/3 exists but does not support POST method.Allowed: GET, PUT | File: C:\laragon\www\DocTruyenHay\src\Application\Router.php | Line: 668
2025-09-26 19:25:21 | Exception: SQLSTATE[HY093]: Invalid parameter number: number of bound variables does not match number of tokens | File: C:\laragon\www\DocTruyenHay\src\Database\Adapter\PdoMysqlAdapter.php | Line: 31
2025-09-26 19:25:49 | Exception: SQLSTATE[HY093]: Invalid parameter number: number of bound variables does not match number of tokens | File: C:\laragon\www\DocTruyenHay\src\Database\Adapter\PdoMysqlAdapter.php | Line: 31
2025-09-26 19:28:33 | Exception: 405 Method Not Allowed: The requested URL /api/genres/3 exists but does not support POST method.Allowed: GET, PUT | File: C:\laragon\www\DocTruyenHay\src\Application\Router.php | Line: 668
2025-09-26 21:20:20 | Exception: View file not found: C:\laragon\www\DocTruyenHay\resource/view/login.php | File: C:\laragon\www\DocTruyenHay\src\Application\View.php | Line: 72
2025-09-26 21:20:31 | Exception: View file not found: C:\laragon\www\DocTruyenHay\resource/view/register.php | File: C:\laragon\www\DocTruyenHay\src\Application\View.php | Line: 72
2025-09-27 00:02:58 | Exception: SQLSTATE[HY000] [1049] Unknown database 'manga_reader' | File: C:\laragon\www\DocTruyenHay\src\Database\Adapter\PdoMysqlAdapter.php | Line: 19
2025-09-27 00:03:08 | Exception: SQLSTATE[HY000] [1049] Unknown database 'manga_reader' | File: C:\laragon\www\DocTruyenHay\src\Database\Adapter\PdoMysqlAdapter.php | Line: 19
2025-09-27 10:30:48 | Exception: Unclosed '{' on line 5 | File: C:\laragon\www\DocTruyenHay\app\Router\api.php | Line: 61
2025-09-27 22:25:09 | Exception: Duplicate route detected: GET /admin/users  | File: C:\laragon\www\DocTruyenHay\src\Application\Router.php | Line: 105
2025-09-27 22:28:41 | Exception: 500 Internal Server Error: Method users() not found in class App\Controller\Admin\AdminController | File: C:\laragon\www\DocTruyenHay\src\Application\Router.php | Line: 746
2025-09-27 22:30:02 | Exception: 500 Internal Server Error: Method users() not found in class App\Controller\Admin\AdminController | File: C:\laragon\www\DocTruyenHay\src\Application\Router.php | Line: 746
2025-09-27 22:30:03 | Exception: 500 Internal Server Error: Method users() not found in class App\Controller\Admin\AdminController | File: C:\laragon\www\DocTruyenHay\src\Application\Router.php | Line: 746
2025-09-27 22:30:04 | Exception: 500 Internal Server Error: Method users() not found in class App\Controller\Admin\AdminController | File: C:\laragon\www\DocTruyenHay\src\Application\Router.php | Line: 746
2025-10-03 13:48:37 | Exception: PDO SQLite extension is not loaded. | File: C:\laragon\www\DocTruyenHay\src\Database\Adapter\PdoSqliteAdapter.php | Line: 19
2025-10-03 13:49:07 | Exception: PDO SQLite extension is not loaded. | File: C:\laragon\www\DocTruyenHay\src\Database\Adapter\PdoSqliteAdapter.php | Line: 19
2025-10-03 13:49:34 | Exception: SQLSTATE[HY000]: General error: 1 near "author1": syntax error | File: C:\laragon\www\DocTruyenHay\src\Database\Adapter\PdoSqliteAdapter.php | Line: 33
2025-10-03 13:49:55 | Exception: SQLSTATE[HY000]: General error: 1 near "author1": syntax error | File: C:\laragon\www\DocTruyenHay\src\Database\Adapter\PdoSqliteAdapter.php | Line: 33
2025-10-03 13:52:12 | Exception: SQLSTATE[HY000]: General error: 1 near "author1": syntax error | File: C:\laragon\www\DocTruyenHay\src\Database\Adapter\PdoSqliteAdapter.php | Line: 33
2025-10-03 13:52:38 | Exception: SQLSTATE[HY000]: General error: 1 near "author1": syntax error | File: C:\laragon\www\DocTruyenHay\src\Database\Adapter\PdoSqliteAdapter.php | Line: 33
2025-10-03 13:54:25 | Exception: SQLSTATE[HY000]: General error: 1 near "author1": syntax error | File: C:\laragon\www\DocTruyenHay\src\Database\Adapter\PdoSqliteAdapter.php | Line: 33
2025-10-03 13:54:53 | Exception: SQLSTATE[HY000]: General error: 1 near "author1": syntax error | File: C:\laragon\www\DocTruyenHay\src\Database\Adapter\PdoSqliteAdapter.php | Line: 33
2025-10-03 13:55:52 | Exception: SQLSTATE[HY000]: General error: 1 near "author1": syntax error | File: C:\laragon\www\DocTruyenHay\src\Database\Adapter\PdoSqliteAdapter.php | Line: 33
2025-10-03 13:56:09 | Exception: SQLSTATE[HY000]: General error: 1 near "author1": syntax error | File: C:\laragon\www\DocTruyenHay\src\Database\Adapter\PdoSqliteAdapter.php | Line: 33
2025-10-03 13:56:34 | Exception: SQLSTATE[HY000]: General error: 1 near "author1": syntax error | File: C:\laragon\www\DocTruyenHay\src\Database\Adapter\PdoSqliteAdapter.php | Line: 33
2025-10-03 13:56:52 | Exception: SQLSTATE[HY000]: General error: 1 near "author1": syntax error | File: C:\laragon\www\DocTruyenHay\src\Database\Adapter\PdoSqliteAdapter.php | Line: 33
2025-10-03 13:57:58 | Exception: SQLSTATE[HY000]: General error: 1 near "author1": syntax error | File: C:\laragon\www\DocTruyenHay\src\Database\Adapter\PdoSqliteAdapter.php | Line: 33
2025-10-03 13:58:23 | Exception: SQLSTATE[HY000]: General error: 1 near "author1": syntax error | File: C:\laragon\www\DocTruyenHay\src\Database\Adapter\PdoSqliteAdapter.php | Line: 33
2025-10-03 19:27:51 | Exception: 400 Bad Request: Missing required parameter for API route /api/mail/sender/{param}. | File: C:\laragon\www\DocTruyenHay\src\Application\Router.php | Line: 695
2025-10-03 19:59:21 | Exception: Duplicate route detected: GET /api/mail/sender/{param} (API) | File: C:\laragon\www\DocTruyenHay\src\Application\Router.php | Line: 335
2025-10-03 20:06:27 | Exception: SMTP Authentication failed: Wrong username or application password. | File: C:\laragon\www\DocTruyenHay\src\Application\Mail.php | Line: 116
2025-10-03 20:06:53 | Exception: SMTP Authentication failed: Wrong username or application password. | File: C:\laragon\www\DocTruyenHay\src\Application\Mail.php | Line: 116
2025-10-04 19:36:16 | Exception: 400 Bad Request: Missing required parameter for API route /api/mail/sender/{param}. | File: C:\laragon\www\DocTruyenHay\src\Application\Router.php | Line: 695
2025-10-07 08:11:45 | Exception: PDO SQLite extension is not loaded. | File: C:\laragon\www\DocTruyenHay\src\Database\Adapter\PdoSqliteAdapter.php | Line: 20
2025-10-07 08:12:05 | Exception: PDO SQLite extension is not loaded. | File: C:\laragon\www\DocTruyenHay\src\Database\Adapter\PdoSqliteAdapter.php | Line: 20
2025-10-07 15:22:24 | Exception: Class "MongoDB\Driver\Manager" not found | File: C:\laragon\www\DocTruyenHay\vendor\mongodb\mongodb\src\Client.php | Line: 146
2025-10-07 15:22:57 | Exception: QueryBuilder design is not supported for MongoDB. | File: C:\laragon\www\DocTruyenHay\src\Database\DatabaseManager.php | Line: 72
2025-10-07 15:22:58 | Exception: QueryBuilder design is not supported for MongoDB. | File: C:\laragon\www\DocTruyenHay\src\Database\DatabaseManager.php | Line: 72
2025-10-07 15:30:47 | Exception: QueryBuilder design is not supported for MongoDB. | File: C:\laragon\www\DocTruyenHay\src\Database\DatabaseManager.php | Line: 72
2025-10-07 15:59:35 | Exception: QueryBuilder design is not supported for MongoDB. | File: C:\laragon\www\DocTruyenHay\src\Database\DatabaseManager.php | Line: 72
2025-10-07 16:08:15 | Exception: 405 Method Not Allowed: The requested URL /demo/mongo/Dat%20Duy/20/datahihi1100 exists but does not support GET method.Allowed: POST | File: C:\laragon\www\DocTruyenHay\src\Application\Router.php | Line: 668
2025-10-07 18:24:19 | Exception: call_user_func_array(): Argument #1 ($callback) must be a valid callback, class Craft\Database\Mapper\MongoMapper does not have a method "select" | File: C:\laragon\www\DocTruyenHay\app\Model\Model.php | Line: 57
2025-10-07 18:25:01 | Exception: call_user_func_array(): Argument #1 ($callback) must be a valid callback, class Craft\Database\Mapper\MongoMapper does not have a method "select" | File: C:\laragon\www\DocTruyenHay\app\Model\Model.php | Line: 57
2025-10-07 18:25:02 | Exception: call_user_func_array(): Argument #1 ($callback) must be a valid callback, class Craft\Database\Mapper\MongoMapper does not have a method "select" | File: C:\laragon\www\DocTruyenHay\app\Model\Model.php | Line: 57
2025-10-07 22:02:06 | Exception: Class name must be a valid object or a string | File: C:\laragon\www\DocTruyenHay\src\Database\DatabaseManager.php | Line: 135
2025-10-07 22:02:24 | Exception: Class name must be a valid object or a string | File: C:\laragon\www\DocTruyenHay\src\Database\DatabaseManager.php | Line: 135
2025-10-07 22:40:01 | Exception: Class name must be a valid object or a string | File: C:\laragon\www\DocTruyenHay\src\Database\DatabaseManager.php | Line: 135
2025-10-07 22:40:02 | Exception: Class name must be a valid object or a string | File: C:\laragon\www\DocTruyenHay\src\Database\DatabaseManager.php | Line: 135
2025-10-07 22:40:03 | Exception: Class name must be a valid object or a string | File: C:\laragon\www\DocTruyenHay\src\Database\DatabaseManager.php | Line: 135
2025-10-07 22:40:03 | Exception: Class name must be a valid object or a string | File: C:\laragon\www\DocTruyenHay\src\Database\DatabaseManager.php | Line: 135
2025-10-07 22:40:03 | Exception: Class name must be a valid object or a string | File: C:\laragon\www\DocTruyenHay\src\Database\DatabaseManager.php | Line: 135
2025-10-07 22:40:27 | Exception: Class name must be a valid object or a string | File: C:\laragon\www\DocTruyenHay\src\Database\DatabaseManager.php | Line: 135
2025-10-07 22:40:32 | Exception: Class name must be a valid object or a string | File: C:\laragon\www\DocTruyenHay\src\Database\DatabaseManager.php | Line: 135
2025-10-07 22:42:06 | Exception: Class name must be a valid object or a string | File: C:\laragon\www\DocTruyenHay\src\Database\DatabaseManager.php | Line: 135
2025-10-07 22:46:23 | Exception: call_user_func_array(): Argument #1 ($callback) must be a valid callback, class Craft\Database\QueryBuilder\SqliteBuilder does not have a method "all" | File: C:\laragon\www\DocTruyenHay\app\Model\Model.php | Line: 57
2025-10-07 22:47:39 | Exception: SQLSTATE[HY000] [1049] Unknown database 'manga_reader' | File: C:\laragon\www\DocTruyenHay\src\Database\Adapter\PdoMysqlAdapter.php | Line: 20
2025-10-07 22:47:52 | Exception: Unknown database 'manga_reader' | File: C:\laragon\www\DocTruyenHay\src\Database\Adapter\MysqliAdapter.php | Line: 24
2025-10-07 22:47:59 | Exception: SQLSTATE[HY000] [1049] Unknown database 'manga_reader' | File: C:\laragon\www\DocTruyenHay\src\Database\Adapter\PdoMysqlAdapter.php | Line: 20
2025-10-07 22:48:30 | Exception: SQLSTATE[HY000] [1049] Unknown database 'manga_reader' | File: C:\laragon\www\DocTruyenHay\src\Database\Adapter\PdoMysqlAdapter.php | Line: 20
2025-10-07 22:48:34 | Exception: SQLSTATE[HY000] [1049] Unknown database 'manga_reader' | File: C:\laragon\www\DocTruyenHay\src\Database\Adapter\PdoMysqlAdapter.php | Line: 20
2025-10-07 22:48:36 | Exception: SQLSTATE[HY000] [1049] Unknown database 'manga_reader' | File: C:\laragon\www\DocTruyenHay\src\Database\Adapter\PdoMysqlAdapter.php | Line: 20
2025-10-07 22:50:28 | Exception: DB_DRIVER should be one of: mysqli, pdo_mysql, sqlite3, pdo_sqlite, mongodb. | File: C:\laragon\www\DocTruyenHay\src\Database\DatabaseManager.php | Line: 40
2025-10-07 22:52:35 | Exception: Invalid DB_DRIVER: mysqliss | File: C:\laragon\www\DocTruyenHay\src\Database\DatabaseManager.php | Line: 41
2025-10-07 22:52:55 | Exception: Invalid DB_DRIVER: mysqliss. Accepts: mysqli, pdo_mysql, sqlite3, pdo_sqlite, mongodb | File: C:\laragon\www\DocTruyenHay\src\Database\DatabaseManager.php | Line: 41
2025-10-07 22:53:23 | Exception: QueryBuilder design is not supported for MongoDB. | File: C:\laragon\www\DocTruyenHay\src\Database\DatabaseManager.php | Line: 87
2025-10-07 23:16:26 | Exception: Craft\Application\Mail::fast(): Argument #3 ($body) must be of type string, null given, called in C:\laragon\www\DocTruyenHay\app\Router\api.php on line 34 | File: C:\laragon\www\DocTruyenHay\src\Application\Mail.php | Line: 168
2025-10-07 23:41:40 | Exception: QueryBuilder design is not supported for MongoDB. | File: C:\laragon\www\DocTruyenHay\src\Database\DatabaseManager.php | Line: 88
2025-10-08 00:46:35 | Exception: QueryBuilder design is not supported for MongoDB. | File: C:\laragon\www\DocTruyenHay\src\Database\DatabaseManager.php | Line: 88
2025-10-08 00:48:32 | Exception: QueryBuilder design is not supported for MongoDB. | File: C:\laragon\www\DocTruyenHay\src\Database\DatabaseManager.php | Line: 88
2025-10-08 16:41:57 | Exception: QueryBuilder design is not supported for MongoDB. | File: C:\laragon\www\DocTruyenHay\src\Database\DatabaseManager.php | Line: 88
2025-10-08 16:45:47 | Exception: QueryBuilder design is not supported for MongoDB. | File: C:\laragon\www\DocTruyenHay\src\Database\DatabaseManager.php | Line: 88
2025-10-10 21:15:56 | Exception: Invalid DB_DESIGN: builderss. Accepts: mapper, builder. | File: C:\laragon\www\DocTruyenHay\src\Database\DatabaseManager.php | Line: 54
2025-10-12 21:29:43 | Exception: Invalid DB_DRIVER: pdo_sqlitesse. Accepts: mysqli, pdo_mysql, sqlite3, pdo_sqlite. | File: C:\laragon\www\DocTruyenHay\src\Database\DatabaseManager.php | Line: 46
2025-10-12 21:50:29 | Exception: PDO SQLite extension is not loaded. | File: C:\laragon\www\DocTruyenHay\src\Database\Adapter\PdoSqliteAdapter.php | Line: 20
2025-10-12 21:50:38 | Exception: PDO SQLite extension is not loaded. | File: C:\laragon\www\DocTruyenHay\src\Database\Adapter\PdoSqliteAdapter.php | Line: 20
2025-10-13 12:57:18 | Exception: 400 Bad Request: Missing required parameter for API route /api/mail/sender/{param}. | File: C:\laragon\www\DocTruyenHay\src\Application\Router.php | Line: 695
2025-10-13 16:12:15 | Exception: Duplicate route detected: GET /demo  | File: C:\laragon\www\DocTruyenHay\src\Application\Router.php | Line: 105
2025-10-13 16:12:39 | Exception: View file not found: C:\laragon\www\DocTruyenHay\resource/view/mail/demo.php | File: C:\laragon\www\DocTruyenHay\src\Application\View.php | Line: 72
2025-10-13 20:47:28 | Exception: SMTP Authentication failed: Wrong username or application password. | File: C:\laragon\www\DocTruyenHay\src\Application\Mail.php | Line: 173
2025-10-14 15:07:17 | Exception: 400 Bad Request: Missing required parameter for route /demo/mail/{param}. | File: C:\laragon\www\DocTruyenHay\src\Application\Router.php | Line: 681
2025-10-14 15:09:56 | Exception: View file not found: C:\laragon\www\DocTruyenHay\resource/view/email/forget_password.php | File: C:\laragon\www\DocTruyenHay\src\Application\View.php | Line: 72
2025-10-14 20:22:28 | Exception: 405 Method Not Allowed: The requested URL / exists but does not support POST method.Allowed: GET | File: C:\laragon\www\DocTruyenHay\src\Application\Router.php | Line: 668
2025-10-14 20:22:56 | Exception: 405 Method Not Allowed: The requested URL / exists but does not support POST method.Allowed: GET | File: C:\laragon\www\DocTruyenHay\src\Application\Router.php | Line: 668
2025-10-14 20:23:02 | Exception: 405 Method Not Allowed: The requested URL / exists but does not support POST method.Allowed: GET | File: C:\laragon\www\DocTruyenHay\src\Application\Router.php | Line: 668
2025-10-18 22:30:03 | Exception: Template not found: client.welcome | File: C:\laragon\www\DocTruyenHay\vendor\eftec\bladeone\lib\BladeOne.php | Line: 1434
2025-10-20 23:56:27 | Exception: Craft\Database\QueryBuilder\BaseBuilder::__construct(): Argument #2 ($table) must be of type string, null given, called in C:\laragon\www\DocTruyenHay\src\Database\DatabaseManager.php on line 142 | File: C:\laragon\www\DocTruyenHay\src\Database\QueryBuilder\BaseBuilder.php | Line: 15
2025-10-24 15:04:48 | Exception:  | File: C:\laragon\www\DocTruyenHay\app\Router\web.php | Line: 82
2025-10-25 12:46:48 | Exception: call_user_func_array(): Argument #1 ($callback) must be a valid callback, class Craft\Database\QueryBuilder\SqliteBuilder does not have a method "all" | File: C:\laragon\www\DocTruyenHay\app\Model\Model.php | Line: 57
2025-10-25 12:47:46 | Exception: SQLite3 extension is not loaded. | File: C:\laragon\www\DocTruyenHay\src\Database\Adapter\Sqlite3Adapter.php | Line: 20
2025-10-25 12:48:19 | Exception: Unknown database 'manga_reader' | File: C:\laragon\www\DocTruyenHay\src\Database\Adapter\MysqliAdapter.php | Line: 19
2025-10-25 12:52:28 | Exception: syntax error, unexpected token ";", expecting ")" | File: C:\laragon\www\DocTruyenHay\app\Router\web.php | Line: 80
2025-10-26 12:21:42 | Exception: SQLSTATE[HY000]: General error: 1 no such table: author | File: C:\laragon\www\DocTruyenHay\src\Database\Adapter\PdoSqliteAdapter.php | Line: 34
2025-10-26 12:21:44 | Exception: SQLSTATE[HY000]: General error: 1 no such table: author | File: C:\laragon\www\DocTruyenHay\src\Database\Adapter\PdoSqliteAdapter.php | Line: 34
2025-10-26 12:21:52 | Exception: SQLSTATE[HY000]: General error: 1 no such table: author | File: C:\laragon\www\DocTruyenHay\src\Database\Adapter\PdoSqliteAdapter.php | Line: 34
2025-10-26 12:22:05 | Exception: SQLSTATE[HY000]: General error: 1 no such table: author | File: C:\laragon\www\DocTruyenHay\src\Database\Adapter\PdoSqliteAdapter.php | Line: 34
2025-10-28 09:27:15 | Exception: 400 Bad Request: Missing required parameter for API route /api/mail/sender/{param}. | File: C:\laragon\www\DocTruyenHay\src\Application\Router.php | Line: 718
2025-10-28 09:28:47 | Exception: 400 Bad Request: Missing required parameter for API route /api/mail/sender/{param}. | File: C:\laragon\www\DocTruyenHay\src\Application\Router.php | Line: 718
2025-10-28 09:29:11 | Exception: 400 Bad Request: Missing required parameter for API route /api/mail/sender/{param}. | File: C:\laragon\www\DocTruyenHay\src\Application\Router.php | Line: 718
2025-10-28 09:29:56 | Exception: 400 Bad Request: Missing required parameter for API route /api/mail/sender/{param}. | File: C:\laragon\www\DocTruyenHay\src\Application\Router.php | Line: 718
2025-10-28 09:30:38 | Exception: 400 Bad Request: Missing required parameter for API route /api/mail/sender/{param}. | File: C:\laragon\www\DocTruyenHay\src\Application\Router.php | Line: 718
2025-10-28 09:47:17 | Exception: Class "Craft\Application\Middleware" not found | File: C:\laragon\www\DocTruyenHay\app\Middleware\UserAuthencation.php | Line: 11
2025-10-28 09:47:35 | Exception: Class "Craft\Application\Router" not found | File: C:\laragon\www\DocTruyenHay\app\Router\web.php | Line: 16
2025-10-28 09:50:12 | Exception: Class "Craft\Application\View" not found | File: C:\laragon\www\DocTruyenHay\app\Controller\Controller.php | Line: 19
2025-10-28 09:50:28 | Exception: Class "Craft\Application\Router" not found | File: C:\laragon\www\DocTruyenHay\src\Application\helper\helper.php | Line: 102
2025-10-28 16:15:05 | Exception: Cannot throw objects that do not implement Throwable | File: C:\laragon\www\DocTruyenHay\app\Router\web.php | Line: 84
2025-10-28 16:16:24 | Exception:  | File: C:\laragon\www\DocTruyenHay\app\Router\web.php | Line: 84
2025-10-28 16:16:53 | Exception: syntax error, unexpected end of file | File: C:\laragon\www\DocTruyenHay\app\Router\web.php | Line: 89
2025-10-30 21:24:42 | Exception: Template not found: admin.dashboard | File: C:\laragon\www\DocTruyenHay\vendor\eftec\bladeone\lib\BladeOne.php | Line: 1434
2025-10-30 21:26:06 | Exception: Template not found: admin.login | File: C:\laragon\www\DocTruyenHay\vendor\eftec\bladeone\lib\BladeOne.php | Line: 1434
2025-10-30 21:26:26 | Exception: Template not found: client.detail | File: C:\laragon\www\DocTruyenHay\vendor\eftec\bladeone\lib\BladeOne.php | Line: 1434
2025-11-01 21:56:48 | Exception: 405 Method Not Allowed: The requested URL /api/demo exists but does not support GET method.Allowed: POST | File: C:\laragon\www\DocTruyenHay\src\Application\Router.php | Line: 693
2025-11-01 22:05:28 | Exception: Duplicate route detected: GET /api/demo (API) | File: C:\laragon\www\DocTruyenHay\src\Application\Router.php | Line: 346
2025-11-02 22:37:23 | Exception: Template not found: app | File: C:\laragon\www\DocTruyenHay\vendor\eftec\bladeone\lib\BladeOne.php | Line: 1434
2025-11-02 22:39:06 | Exception: Template not found: app | File: C:\laragon\www\DocTruyenHay\vendor\eftec\bladeone\lib\BladeOne.php | Line: 1434
2025-11-02 22:39:07 | Exception: Template not found: app | File: C:\laragon\www\DocTruyenHay\vendor\eftec\bladeone\lib\BladeOne.php | Line: 1434
2025-11-02 23:06:18 | Exception: Template not found: home | File: C:\laragon\www\AmazingFastFood\vendor\eftec\bladeone\lib\BladeOne.php | Line: 1434
2025-11-02 23:06:34 | Exception: Duplicate route detected: GET /app  | File: C:\laragon\www\AmazingFastFood\src\Application\Router.php | Line: 116
2025-11-02 23:14:49 | Exception: Duplicate route detected: GET /app  | File: C:\laragon\www\AmazingFastFood\src\Application\Router.php | Line: 171
2025-11-02 23:14:51 | Exception: Duplicate route detected: GET /app  | File: C:\laragon\www\AmazingFastFood\src\Application\Router.php | Line: 171
2025-11-02 23:20:29 | Exception: 405 Method Not Allowed: The requested URL /haha exists but does not support GET method.Allowed: POST | File: C:\laragon\www\AmazingFastFood\src\Application\Router.php | Line: 795
2025-11-04 21:49:23 | Exception: Template not found: captcha | File: C:\laragon\www\AmazingFastFood\vendor\eftec\bladeone\lib\BladeOne.php | Line: 1434
